This is pdfTeX, Version 3.14159265-2.6-1.40.15 (TeX Live 2014) (preloaded format=pdflatex 2015.3.24)  26 JUN 2015 12:03
entering extended mode
 restricted \write18 enabled.
 %&-line parsing enabled.
**matt-bellingham.tex
(./matt-bellingham.tex
LaTeX2e <2014/05/01>
Babel <3.9k> and hyphenation patterns for 78 languages loaded.
(./IEEEtran.cls
Document Class: IEEEtran 2012/11/21 V1.8c by Harald Hanche-Olsen and Anders Chr
istensen
-- Based on V1.7a by Michael Shell
-- See the "IEEEtran_HOWTO" manual for usage information.
-- http://www.michaelshell.org/tex/ieeetran/
\@IEEEtrantmpdimenA=\dimen102
\@IEEEtrantmpdimenB=\dimen103
\@IEEEtrantmpcountA=\count79
\@IEEEtrantmpcountB=\count80
\@IEEEtrantmptoksA=\toks14
LaTeX Font Info:    Try loading font information for OT1+ptm on input line 373.

(/usr/local/texlive/2014/texmf-dist/tex/latex/psnfss/ot1ptm.fd
File: ot1ptm.fd 2001/06/04 font definitions for OT1/ptm.
)
-- Using 210mm x 297mm (a4) paper.
-- Using PDF output.
\@IEEEnormalsizeunitybaselineskip=\dimen104
-- This is a 10 point document.
\CLASSINFOnormalsizebaselineskip=\dimen105
\CLASSINFOnormalsizeunitybaselineskip=\dimen106
\IEEEnormaljot=\dimen107
LaTeX Font Info:    Font shape `OT1/ptm/bx/n' in size <5> not available
(Font)              Font shape `OT1/ptm/b/n' tried instead on input line 731.
LaTeX Font Info:    Font shape `OT1/ptm/bx/it' in size <5> not available
(Font)              Font shape `OT1/ptm/b/it' tried instead on input line 731.
LaTeX Font Info:    Font shape `OT1/ptm/bx/n' in size <7> not available
(Font)              Font shape `OT1/ptm/b/n' tried instead on input line 731.
LaTeX Font Info:    Font shape `OT1/ptm/bx/it' in size <7> not available
(Font)              Font shape `OT1/ptm/b/it' tried instead on input line 731.
LaTeX Font Info:    Font shape `OT1/ptm/bx/n' in size <8> not available
(Font)              Font shape `OT1/ptm/b/n' tried instead on input line 731.
LaTeX Font Info:    Font shape `OT1/ptm/bx/it' in size <8> not available
(Font)              Font shape `OT1/ptm/b/it' tried instead on input line 731.
LaTeX Font Info:    Font shape `OT1/ptm/bx/n' in size <9> not available
(Font)              Font shape `OT1/ptm/b/n' tried instead on input line 731.
LaTeX Font Info:    Font shape `OT1/ptm/bx/it' in size <9> not available
(Font)              Font shape `OT1/ptm/b/it' tried instead on input line 731.
LaTeX Font Info:    Font shape `OT1/ptm/bx/n' in size <10> not available
(Font)              Font shape `OT1/ptm/b/n' tried instead on input line 731.
LaTeX Font Info:    Font shape `OT1/ptm/bx/it' in size <10> not available
(Font)              Font shape `OT1/ptm/b/it' tried instead on input line 731.
LaTeX Font Info:    Font shape `OT1/ptm/bx/n' in size <11> not available
(Font)              Font shape `OT1/ptm/b/n' tried instead on input line 731.
LaTeX Font Info:    Font shape `OT1/ptm/bx/it' in size <11> not available
(Font)              Font shape `OT1/ptm/b/it' tried instead on input line 731.
LaTeX Font Info:    Font shape `OT1/ptm/bx/n' in size <12> not available
(Font)              Font shape `OT1/ptm/b/n' tried instead on input line 731.
LaTeX Font Info:    Font shape `OT1/ptm/bx/it' in size <12> not available
(Font)              Font shape `OT1/ptm/b/it' tried instead on input line 731.
LaTeX Font Info:    Font shape `OT1/ptm/bx/n' in size <17> not available
(Font)              Font shape `OT1/ptm/b/n' tried instead on input line 731.
LaTeX Font Info:    Font shape `OT1/ptm/bx/it' in size <17> not available
(Font)              Font shape `OT1/ptm/b/it' tried instead on input line 731.
LaTeX Font Info:    Font shape `OT1/ptm/bx/n' in size <20> not available
(Font)              Font shape `OT1/ptm/b/n' tried instead on input line 731.
LaTeX Font Info:    Font shape `OT1/ptm/bx/it' in size <20> not available
(Font)              Font shape `OT1/ptm/b/it' tried instead on input line 731.
LaTeX Font Info:    Font shape `OT1/ptm/bx/n' in size <24> not available
(Font)              Font shape `OT1/ptm/b/n' tried instead on input line 731.
LaTeX Font Info:    Font shape `OT1/ptm/bx/it' in size <24> not available
(Font)              Font shape `OT1/ptm/b/it' tried instead on input line 731.
\IEEEilabelindentA=\dimen108
\IEEEilabelindentB=\dimen109
\IEEEilabelindent=\dimen110
\IEEEelabelindent=\dimen111
\IEEEdlabelindent=\dimen112
\IEEElabelindent=\dimen113
\IEEEiednormlabelsep=\dimen114
\IEEEiedmathlabelsep=\dimen115
\IEEEiedtopsep=\skip41
\c@section=\count81
\c@subsection=\count82
\c@subsubsection=\count83
\c@paragraph=\count84
\c@IEEEsubequation=\count85
\abovecaptionskip=\skip42
\belowcaptionskip=\skip43
\c@figure=\count86
\c@table=\count87
\@IEEEeqnnumcols=\count88
\@IEEEeqncolcnt=\count89
\@IEEEtmpitemindent=\dimen116
\c@IEEEbiography=\count90
\@IEEEtranrubishbin=\box26
) (/usr/local/texlive/2014/texmf-dist/tex/latex/sttools/flushend.sty
Package: flushend 2014/04/24 v2.2 Balancing columns in twocolumn mode
\flushend@@lastskip@a=\skip44
\flushend@@lastskip@b=\skip45
\flushend@@lastskip@c=\skip46
\flushend@@penalty@a=\count91
\flushend@@lastkern@a=\dimen117
\var@@temp@spread=\dimen118
\var@@temp@a=\dimen119
\flushend@@page@rule=\dimen120
\flushend@@varbox@a=\box27
\flushend@@varbox@c=\box28
\flushend@@tempbox@a=\box29
\flushend@@tempbox@c=\box30
\@viper=\box31
\hold@viper=\box32
\atColsBreak=\toks15
\atColsEnd=\toks16

(/usr/local/texlive/2014/texmf-dist/tex/latex/etoolbox/etoolbox.sty
Package: etoolbox 2011/01/03 v2.1 e-TeX tools for LaTeX

(/usr/local/texlive/2014/texmf-dist/tex/latex/etex-pkg/etex.sty
Package: etex 1998/03/26 v2.0 eTeX basic definition package (PEB)
\et@xins=\count92
)
\etb@tempcnta=\count93
))
(/usr/local/texlive/2014/texmf-dist/tex/latex/biblatex/biblatex.sty
Package: biblatex 2013/11/25 v2.8a programmable bibliographies (PK/JW/AB)

(/usr/local/texlive/2014/texmf-dist/tex/latex/biblatex/biblatex2.sty
Package: biblatex2 2013/11/25 v2.8a programmable bibliographies (biber) (PK/JW/
AB)

(/usr/local/texlive/2014/texmf-dist/tex/latex/graphics/keyval.sty
Package: keyval 2014/05/08 v1.15 key=value parser (DPC)
\KV@toks@=\toks17
)
(/usr/local/texlive/2014/texmf-dist/tex/latex/oberdiek/kvoptions.sty
Package: kvoptions 2011/06/30 v3.11 Key value format for package options (HO)

(/usr/local/texlive/2014/texmf-dist/tex/generic/oberdiek/ltxcmds.sty
Package: ltxcmds 2011/11/09 v1.22 LaTeX kernel commands for general use (HO)
)
(/usr/local/texlive/2014/texmf-dist/tex/generic/oberdiek/kvsetkeys.sty
Package: kvsetkeys 2012/04/25 v1.16 Key value parser (HO)

(/usr/local/texlive/2014/texmf-dist/tex/generic/oberdiek/infwarerr.sty
Package: infwarerr 2010/04/08 v1.3 Providing info/warning/error messages (HO)
)
(/usr/local/texlive/2014/texmf-dist/tex/generic/oberdiek/etexcmds.sty
Package: etexcmds 2011/02/16 v1.5 Avoid name clashes with e-TeX commands (HO)

(/usr/local/texlive/2014/texmf-dist/tex/generic/oberdiek/ifluatex.sty
Package: ifluatex 2010/03/01 v1.3 Provides the ifluatex switch (HO)
Package ifluatex Info: LuaTeX not detected.
)
Package etexcmds Info: Could not find \expanded.
(etexcmds)             That can mean that you are not using pdfTeX 1.50 or
(etexcmds)             that some package has redefined \expanded.
(etexcmds)             In the latter case, load this package earlier.
)))
(/usr/local/texlive/2014/texmf-dist/tex/latex/logreq/logreq.sty
Package: logreq 2010/08/04 v1.0 xml request logger
\lrq@indent=\count94

(/usr/local/texlive/2014/texmf-dist/tex/latex/logreq/logreq.def
File: logreq.def 2010/08/04 v1.0 logreq spec v1.0
))
(/usr/local/texlive/2014/texmf-dist/tex/latex/base/ifthen.sty
Package: ifthen 2001/05/26 v1.1c Standard LaTeX ifthen package (DPC)
)
(/usr/local/texlive/2014/texmf-dist/tex/latex/url/url.sty
\Urlmuskip=\muskip10
Package: url 2013/09/16  ver 3.4  Verb mode for urls, etc.
)
\c@tabx@nest=\count95
\c@listtotal=\count96
\c@listcount=\count97
\c@liststart=\count98
\c@liststop=\count99
\c@citecount=\count100
\c@citetotal=\count101
\c@multicitecount=\count102
\c@multicitetotal=\count103
\c@instcount=\count104
\c@maxnames=\count105
\c@minnames=\count106
\c@maxitems=\count107
\c@minitems=\count108
\c@citecounter=\count109
\c@savedcitecounter=\count110
\c@uniquelist=\count111
\c@uniquename=\count112
\c@refsection=\count113
\c@refsegment=\count114
\c@maxextratitle=\count115
\c@maxextratitleyear=\count116
\c@maxextrayear=\count117
\c@maxextraalpha=\count118
\c@abbrvpenalty=\count119
\c@highnamepenalty=\count120
\c@lownamepenalty=\count121
\c@maxparens=\count122
\c@parenlevel=\count123
\blx@tempcnta=\count124
\blx@tempcntb=\count125
\blx@tempcntc=\count126
\blx@maxsection=\count127
\blx@maxsegment@0=\count128
\blx@notetype=\count129
\blx@parenlevel@text=\count130
\blx@parenlevel@foot=\count131
\blx@sectionciteorder@0=\count132
\labelnumberwidth=\skip47
\labelalphawidth=\skip48
\shorthandwidth=\skip49
\biblabelsep=\skip50
\bibitemsep=\skip51
\bibnamesep=\skip52
\bibinitsep=\skip53
\bibparsep=\skip54
\bibhang=\skip55
\blx@bcfin=\read1
\blx@bcfout=\write3
\c@mincomprange=\count133
\c@maxcomprange=\count134
\c@mincompwidth=\count135
Package biblatex Info: Trying to load biblatex default data model...
Package biblatex Info: ... file 'blx-dm.def' found.

(/usr/local/texlive/2014/texmf-dist/tex/latex/biblatex/blx-dm.def)
Package biblatex Info: Trying to load biblatex style data model...
Package biblatex Info: ... file 'authoryear.dbx' not found.
Package biblatex Info: Trying to load biblatex custom data model...
Package biblatex Info: ... file 'biblatex-dm.cfg' not found.
\c@afterword=\count136
\c@savedafterword=\count137
\c@annotator=\count138
\c@savedannotator=\count139
\c@author=\count140
\c@savedauthor=\count141
\c@bookauthor=\count142
\c@savedbookauthor=\count143
\c@commentator=\count144
\c@savedcommentator=\count145
\c@editor=\count146
\c@savededitor=\count147
\c@editora=\count148
\c@savededitora=\count149
\c@editorb=\count150
\c@savededitorb=\count151
\c@editorc=\count152
\c@savededitorc=\count153
\c@foreword=\count154
\c@savedforeword=\count155
\c@holder=\count156
\c@savedholder=\count157
\c@introduction=\count158
\c@savedintroduction=\count159
\c@namea=\count160
\c@savednamea=\count161
\c@nameb=\count162
\c@savednameb=\count163
\c@namec=\count164
\c@savednamec=\count165
\c@shortauthor=\count166
\c@savedshortauthor=\count167
\c@shorteditor=\count168
\c@savedshorteditor=\count169
\c@translator=\count170
\c@savedtranslator=\count171
\c@labelname=\count172
\c@savedlabelname=\count173
\c@institution=\count174
\c@savedinstitution=\count175
\c@lista=\count176
\c@savedlista=\count177
\c@listb=\count178
\c@savedlistb=\count179
\c@listc=\count180
\c@savedlistc=\count181
\c@listd=\count182
\c@savedlistd=\count183
\c@liste=\count184
\c@savedliste=\count185
\c@listf=\count186
\c@savedlistf=\count187
\c@location=\count188
\c@savedlocation=\count189
\c@organization=\count190
\c@savedorganization=\count191
\c@origlocation=\count192
\c@savedoriglocation=\count193
\c@origpublisher=\count194
\c@savedorigpublisher=\count195
\c@publisher=\count196
\c@savedpublisher=\count197
\c@language=\count198
\c@savedlanguage=\count199
\c@pageref=\count200
\c@savedpageref=\count201
Package biblatex Info: Trying to load compatibility code...
Package biblatex Info: ... file 'blx-compat.def' found.

(/usr/local/texlive/2014/texmf-dist/tex/latex/biblatex/blx-compat.def
File: blx-compat.def 2013/11/25 v2.8a biblatex compatibility (PK/JW/AB)
)
Package biblatex Info: Trying to load generic definitions...
Package biblatex Info: ... file 'biblatex.def' found.

(/usr/local/texlive/2014/texmf-dist/tex/latex/biblatex/biblatex.def
File: biblatex.def 
\c@textcitecount=\count202
\c@textcitetotal=\count203
\c@textcitemaxnames=\count204
\c@biburlnumpenalty=\count205
\c@biburlucpenalty=\count206
\c@biburllcpenalty=\count207
\c@smartand=\count208
)
Package biblatex Info: Trying to load natbib compatibility...
Package biblatex Info: ... file 'blx-natbib.def' found.

(/usr/local/texlive/2014/texmf-dist/tex/latex/biblatex/blx-natbib.def
File: blx-natbib.def 2013/11/25 v2.8a biblatex compatibility (PK/JW/AB)
)
Package biblatex Info: Trying to load bibliography style 'authoryear'...
Package biblatex Info: ... file 'authoryear.bbx' found.

(/usr/local/texlive/2014/texmf-dist/tex/latex/biblatex/bbx/authoryear.bbx
File: authoryear.bbx 2013/11/25 v2.8a biblatex bibliography style (PK/JW/AB)
Package biblatex Info: Trying to load bibliography style 'standard'...
Package biblatex Info: ... file 'standard.bbx' found.

(/usr/local/texlive/2014/texmf-dist/tex/latex/biblatex/bbx/standard.bbx
File: standard.bbx 2013/11/25 v2.8a biblatex bibliography style (PK/JW/AB)
\c@bbx:relatedcount=\count209
\c@bbx:relatedtotal=\count210
))
Package biblatex Info: Trying to load citation style 'authoryear'...
Package biblatex Info: ... file 'authoryear.cbx' found.

(/usr/local/texlive/2014/texmf-dist/tex/latex/biblatex/cbx/authoryear.cbx
File: authoryear.cbx 2013/11/25 v2.8a biblatex citation style (PK/JW/AB)
Package biblatex Info: Redefining '\cite'.
Package biblatex Info: Redefining '\parencite'.
Package biblatex Info: Redefining '\footcite'.
Package biblatex Info: Redefining '\footcitetext'.
Package biblatex Info: Redefining '\smartcite'.
Package biblatex Info: Redefining '\textcite'.
Package biblatex Info: Redefining '\textcites'.
)
Package biblatex Info: Trying to load configuration file...
Package biblatex Info: ... file 'biblatex.cfg' found.

(/usr/local/texlive/2014/texmf-dist/tex/latex/biblatex/biblatex.cfg
File: biblatex.cfg 
)))
(/usr/local/texlive/2014/texmf-dist/tex/latex/xpatch/xpatch.sty
(/usr/local/texlive/2014/texmf-dist/tex/latex/l3kernel/expl3.sty
Package: expl3 2014/05/20 v4814 L3 programming layer (loader) 

(/usr/local/texlive/2014/texmf-dist/tex/generic/oberdiek/ifpdf.sty
Package: ifpdf 2011/01/30 v2.3 Provides the ifpdf switch (HO)
Package ifpdf Info: pdfTeX in PDF mode is detected.
)
(/usr/local/texlive/2014/texmf-dist/tex/latex/l3kernel/expl3-code.tex
Package: expl3 2014/05/20 v4814 L3 programming layer (code) 
L3 Module: l3bootstrap 2014/05/16 v4782 L3 Bootstrap code
L3 Module: l3names 2014/05/04 v4728 L3 Namespace for primitives
L3 Module: l3basics 2014/05/04 v4728 L3 Basic definitions
L3 Module: l3expan 2014/04/30 v4712 L3 Argument expansion
L3 Module: l3tl 2014/05/04 v4728 L3 Token lists
L3 Module: l3seq 2014/04/30 v4712 L3 Sequences and stacks
L3 Module: l3int 2014/05/16 v4776 L3 Integers
Normal \count register pool exhausted, switching to extended pool.
\c_max_int=\count277
\l_tmpa_int=\count278
\l_tmpb_int=\count279
\g_tmpa_int=\count280
\g_tmpb_int=\count281
L3 Module: l3quark 2014/05/04 v4728 L3 Quarks
L3 Module: l3prg 2014/05/04 v4728 L3 Control structures
\g__prg_map_int=\count282
L3 Module: l3clist 2014/05/04 v4728 L3 Comma separated lists
L3 Module: l3token 2014/05/04 v4728 L3 Experimental token manipulation
L3 Module: l3prop 2014/04/30 v4712 L3 Property lists
L3 Module: l3msg 2014/05/04 v4728 L3 Messages
L3 Module: l3file 2014/05/05 v4737 L3 File and I/O operations
\l_iow_line_count_int=\count283
\l__iow_target_count_int=\count284
\l__iow_current_line_int=\count285
\l__iow_current_word_int=\count286
\l__iow_current_indentation_int=\count287
L3 Module: l3skip 2014/05/05 v4738 L3 Dimensions and skips
\c_zero_dim=\dimen121
\c_max_dim=\dimen122
\l_tmpa_dim=\dimen123
\l_tmpb_dim=\dimen124
\g_tmpa_dim=\dimen125
\g_tmpb_dim=\dimen126
\c_zero_skip=\skip56
\c_max_skip=\skip57
\l_tmpa_skip=\skip58
\l_tmpb_skip=\skip59
\g_tmpa_skip=\skip60
\g_tmpb_skip=\skip61
\c_zero_muskip=\muskip11
\c_max_muskip=\muskip12
\l_tmpa_muskip=\muskip13
\l_tmpb_muskip=\muskip14
\g_tmpa_muskip=\muskip15
\g_tmpb_muskip=\muskip16
L3 Module: l3keys 2014/05/08 v4753 L3 Key-value interfaces
\g__keyval_level_int=\count288
\l_keys_choice_int=\count289
L3 Module: l3fp 2014/04/30 v4712 L3 Floating points
\c__fp_leading_shift_int=\count290
\c__fp_middle_shift_int=\count291
\c__fp_trailing_shift_int=\count292
\c__fp_big_leading_shift_int=\count293
\c__fp_big_middle_shift_int=\count294
\c__fp_big_trailing_shift_int=\count295
\c__fp_Bigg_leading_shift_int=\count296
\c__fp_Bigg_middle_shift_int=\count297
\c__fp_Bigg_trailing_shift_int=\count298
L3 Module: l3box 2014/05/04 v4728 L3 Experimental boxes
\c_empty_box=\box33
\l_tmpa_box=\box34
\l_tmpb_box=\box35
\g_tmpa_box=\box36
\g_tmpb_box=\box37
L3 Module: l3coffins 2014/05/04 v4728 L3 Coffin code layer
\l__coffin_internal_box=\box38
\l__coffin_internal_dim=\dimen127
\l__coffin_offset_x_dim=\dimen128
\l__coffin_offset_y_dim=\dimen129
\l__coffin_x_dim=\dimen130
\l__coffin_y_dim=\dimen131
\l__coffin_x_prime_dim=\dimen132
\l__coffin_y_prime_dim=\dimen133
\c_empty_coffin=\box39
\l__coffin_aligned_coffin=\box40
\l__coffin_aligned_internal_coffin=\box41
\l_tmpa_coffin=\box42
\l_tmpb_coffin=\box43
\l__coffin_display_coffin=\box44
\l__coffin_display_coord_coffin=\box45
\l__coffin_display_pole_coffin=\box46
\l__coffin_display_offset_dim=\dimen134
\l__coffin_display_x_dim=\dimen135
\l__coffin_display_y_dim=\dimen136
L3 Module: l3color 2014/04/30 v4712 L3 Experimental color support
L3 Module: l3luatex 2014/04/30 v4712 L3 Experimental LuaTeX-specific functions
\g__cctab_allocate_int=\count299
\g__cctab_stack_int=\count300
L3 Module: l3candidates 2014/05/04 v4734 L3 Experimental additions to l3kernel
\l__box_top_dim=\dimen137
\l__box_bottom_dim=\dimen138
\l__box_left_dim=\dimen139
\l__box_right_dim=\dimen140
\l__box_top_new_dim=\dimen141
\l__box_bottom_new_dim=\dimen142
\l__box_left_new_dim=\dimen143
\l__box_right_new_dim=\dimen144
\l__box_internal_box=\box47
\l__coffin_bounding_shift_dim=\dimen145
\l__coffin_left_corner_dim=\dimen146
\l__coffin_right_corner_dim=\dimen147
\l__coffin_bottom_corner_dim=\dimen148
\l__coffin_top_corner_dim=\dimen149
\l__coffin_scaled_total_height_dim=\dimen150
\l__coffin_scaled_width_dim=\dimen151
))
Package: xpatch 2012/10/02 v0.3 Extending etoolbox patching commands

(/usr/local/texlive/2014/texmf-dist/tex/latex/l3packages/xparse/xparse.sty
Package: xparse 2014/05/05 v4740 L3 Experimental document command parser
\l__xparse_current_arg_int=\count301
\l__xparse_m_args_int=\count302
\l__xparse_mandatory_args_int=\count303
\l__xparse_processor_int=\count304
\l__xparse_v_nesting_int=\count305
)
.................................................
. LaTeX info: "xparse/define-command"
. 
. Defining document command \xpatchcmd with arg. spec. '' on line 125.
.................................................
.................................................
. LaTeX info: "xparse/define-command"
. 
. Defining document command \xpretocmd with arg. spec. '' on line 126.
.................................................
.................................................
. LaTeX info: "xparse/define-command"
. 
. Defining document command \xapptocmd with arg. spec. '' on line 127.
.................................................
.................................................
. LaTeX info: "xparse/define-command"
. 
. Defining document command \xshowcmd with arg. spec. '' on line 128.
.................................................
.................................................
. LaTeX info: "xparse/define-command"
. 
. Defining document command \xpatchbibmacro with arg. spec. 'm' on line 131.
.................................................
.................................................
. LaTeX info: "xparse/define-command"
. 
. Defining document command \xpretobibmacro with arg. spec. 'm' on line 133.
.................................................
.................................................
. LaTeX info: "xparse/define-command"
. 
. Defining document command \xapptobibmacro with arg. spec. 'm' on line 135.
.................................................
.................................................
. LaTeX info: "xparse/define-command"
. 
. Defining document command \xshowbibmacro with arg. spec. 'm' on line 137.
.................................................
.................................................
. LaTeX info: "xparse/define-command"
. 
. Defining document command \xpatchfieldformat with arg. spec. 'O{*}m' on line
. 139.
.................................................
.................................................
. LaTeX info: "xparse/define-command"
. 
. Defining document command \xpretofieldformat with arg. spec. 'O{*}m' on line
. 141.
.................................................
.................................................
. LaTeX info: "xparse/define-command"
. 
. Defining document command \xapptofieldformat with arg. spec. 'O{*}m' on line
. 143.
.................................................
.................................................
. LaTeX info: "xparse/define-command"
. 
. Defining document command \xshowfieldformat with arg. spec. 'O{*}m' on line
. 145.
.................................................
.................................................
. LaTeX info: "xparse/define-command"
. 
. Defining document command \xpatchnameformat with arg. spec. 'O{*}m' on line
. 147.
.................................................
.................................................
. LaTeX info: "xparse/define-command"
. 
. Defining document command \xpretonameformat with arg. spec. 'O{*}m' on line
. 149.
.................................................
.................................................
. LaTeX info: "xparse/define-command"
. 
. Defining document command \xapptonameformat with arg. spec. 'O{*}m' on line
. 151.
.................................................
.................................................
. LaTeX info: "xparse/define-command"
. 
. Defining document command \xshownameformat with arg. spec. 'O{*}m' on line
. 153.
.................................................
.................................................
. LaTeX info: "xparse/define-command"
. 
. Defining document command \xpatchlistformat with arg. spec. 'O{*}m' on line
. 155.
.................................................
.................................................
. LaTeX info: "xparse/define-command"
. 
. Defining document command \xpretolistformat with arg. spec. 'O{*}m' on line
. 157.
.................................................
.................................................
. LaTeX info: "xparse/define-command"
. 
. Defining document command \xapptolistformat with arg. spec. 'O{*}m' on line
. 159.
.................................................
.................................................
. LaTeX info: "xparse/define-command"
. 
. Defining document command \xshowlistformat with arg. spec. 'O{*}m' on line
. 161.
.................................................
.................................................
. LaTeX info: "xparse/define-command"
. 
. Defining document command \xpatchindexfieldformat with arg. spec. 'O{*}m' on
. line 163.
.................................................
.................................................
. LaTeX info: "xparse/define-command"
. 
. Defining document command \xpretoindexfieldformat with arg. spec. 'O{*}m' on
. line 165.
.................................................
.................................................
. LaTeX info: "xparse/define-command"
. 
. Defining document command \xapptoindexfieldformat with arg. spec. 'O{*}m' on
. line 167.
.................................................
.................................................
. LaTeX info: "xparse/define-command"
. 
. Defining document command \xshowindexfieldformat with arg. spec. 'O{*}m' on
. line 169.
.................................................
.................................................
. LaTeX info: "xparse/define-command"
. 
. Defining document command \xpatchindexnameformat with arg. spec. 'O{*}m' on
. line 171.
.................................................
.................................................
. LaTeX info: "xparse/define-command"
. 
. Defining document command \xpretoindexnameformat with arg. spec. 'O{*}m' on
. line 173.
.................................................
.................................................
. LaTeX info: "xparse/define-command"
. 
. Defining document command \xapptoindexnameformat with arg. spec. 'O{*}m' on
. line 175.
.................................................
.................................................
. LaTeX info: "xparse/define-command"
. 
. Defining document command \xshowindexnameformat with arg. spec. 'O{*}m' on
. line 177.
.................................................
.................................................
. LaTeX info: "xparse/define-command"
. 
. Defining document command \xpatchindexlistformat with arg. spec. 'O{*}m' on
. line 179.
.................................................
.................................................
. LaTeX info: "xparse/define-command"
. 
. Defining document command \xpretoindexlistformat with arg. spec. 'O{*}m' on
. line 181.
.................................................
.................................................
. LaTeX info: "xparse/define-command"
. 
. Defining document command \xappindextolistformat with arg. spec. 'O{*}m' on
. line 183.
.................................................
.................................................
. LaTeX info: "xparse/define-command"
. 
. Defining document command \xshowindexlistformat with arg. spec. 'O{*}m' on
. line 185.
.................................................
.................................................
. LaTeX info: "xparse/define-command"
. 
. Defining document command \xpatchbibdriver with arg. spec. 'm' on line 187.
.................................................
.................................................
. LaTeX info: "xparse/define-command"
. 
. Defining document command \xpretobibdriver with arg. spec. 'm' on line 189.
.................................................
.................................................
. LaTeX info: "xparse/define-command"
. 
. Defining document command \xapptobibdriver with arg. spec. 'm' on line 191.
.................................................
.................................................
. LaTeX info: "xparse/define-command"
. 
. Defining document command \xshowbibdriver with arg. spec. 'm' on line 193.
.................................................
)
(/usr/local/texlive/2014/texmf-dist/tex/generic/babel/babel.sty
Package: babel 2014/03/24 3.9k The Babel package

(/usr/local/texlive/2014/texmf-dist/tex/generic/babel-english/english.ldf
Language: english 2012/08/20 v3.3p English support from the babel system

(/usr/local/texlive/2014/texmf-dist/tex/generic/babel/babel.def
File: babel.def 2014/03/24 3.9k Babel common definitions
\babel@savecnt=\count306
\U@D=\dimen152
)
\l@canadian = a dialect from \language\l@american 
\l@australian = a dialect from \language\l@british 
\l@newzealand = a dialect from \language\l@british 
))
(/usr/local/texlive/2014/texmf-dist/tex/latex/csquotes/csquotes.sty
Package: csquotes 2011/10/22 v5.1d context-sensitive quotations
\csq@reset=\count307
\csq@gtype=\count308
\csq@glevel=\count309
\csq@qlevel=\count310
\csq@maxlvl=\count311
\csq@tshold=\count312
\csq@ltx@everypar=\toks18

(/usr/local/texlive/2014/texmf-dist/tex/latex/csquotes/csquotes.def
File: csquotes.def 2011/10/22 v5.1d csquotes generic definitions
)
Package csquotes Info: Trying to load configuration file 'csquotes.cfg'...
Package csquotes Info: ... configuration file loaded successfully.

(/usr/local/texlive/2014/texmf-dist/tex/latex/csquotes/csquotes.cfg
File: csquotes.cfg 
))
(/usr/local/texlive/2014/texmf-dist/tex/latex/amsmath/amsmath.sty
Package: amsmath 2013/01/14 v2.14 AMS math features
\@mathmargin=\skip62

For additional information on amsmath, use the `?' option.
(/usr/local/texlive/2014/texmf-dist/tex/latex/amsmath/amstext.sty
Package: amstext 2000/06/29 v2.01

(/usr/local/texlive/2014/texmf-dist/tex/latex/amsmath/amsgen.sty
File: amsgen.sty 1999/11/30 v2.0
\@emptytoks=\toks19
\ex@=\dimen153
))
(/usr/local/texlive/2014/texmf-dist/tex/latex/amsmath/amsbsy.sty
Package: amsbsy 1999/11/29 v1.2d
\pmbraise@=\dimen154
)
(/usr/local/texlive/2014/texmf-dist/tex/latex/amsmath/amsopn.sty
Package: amsopn 1999/12/14 v2.01 operator names
)
\inf@bad=\count313
LaTeX Info: Redefining \frac on input line 210.
\uproot@=\count314
\leftroot@=\count315
LaTeX Info: Redefining \overline on input line 306.
\classnum@=\count316
\DOTSCASE@=\count317
LaTeX Info: Redefining \ldots on input line 378.
LaTeX Info: Redefining \dots on input line 381.
LaTeX Info: Redefining \cdots on input line 466.
\Mathstrutbox@=\box48
\strutbox@=\box49
\big@size=\dimen155
LaTeX Font Info:    Redeclaring font encoding OML on input line 566.
LaTeX Font Info:    Redeclaring font encoding OMS on input line 567.
\macc@depth=\count318
\c@MaxMatrixCols=\count319
\dotsspace@=\muskip17
\c@parentequation=\count320
\dspbrk@lvl=\count321
\tag@help=\toks20
\row@=\count322
\column@=\count323
\maxfields@=\count324
\andhelp@=\toks21
\eqnshift@=\dimen156
\alignsep@=\dimen157
\tagshift@=\dimen158
\tagwidth@=\dimen159
\totwidth@=\dimen160
\lineht@=\dimen161
\@envbody=\toks22
\multlinegap=\skip63
\multlinetaggap=\skip64
\mathdisplay@stack=\toks23
LaTeX Info: Redefining \[ on input line 2665.
LaTeX Info: Redefining \] on input line 2666.
)
(/usr/local/texlive/2014/texmf-dist/tex/latex/amsfonts/amssymb.sty
Package: amssymb 2013/01/14 v3.01 AMS font symbols

(/usr/local/texlive/2014/texmf-dist/tex/latex/amsfonts/amsfonts.sty
Package: amsfonts 2013/01/14 v3.01 Basic AMSFonts support
\symAMSa=\mathgroup4
\symAMSb=\mathgroup5
LaTeX Font Info:    Overwriting math alphabet `\mathfrak' in version `bold'
(Font)                  U/euf/m/n --> U/euf/b/n on input line 106.
))
(/usr/local/texlive/2014/texmf-dist/tex/latex/tools/bm.sty
Package: bm 2004/02/26 v1.1c Bold Symbol Support (DPC/FMi)
\symboldoperators=\mathgroup6
\symboldletters=\mathgroup7
\symboldsymbols=\mathgroup8
LaTeX Font Info:    Redeclaring math alphabet \mathbf on input line 137.
LaTeX Info: Redefining \bm on input line 203.
)
(/usr/local/texlive/2014/texmf-dist/tex/latex/xcolor/xcolor.sty
Package: xcolor 2007/01/21 v2.11 LaTeX color extensions (UK)

(/usr/local/texlive/2014/texmf-dist/tex/latex/latexconfig/color.cfg
File: color.cfg 2007/01/18 v1.5 color configuration of teTeX/TeXLive
)
Package xcolor Info: Driver file: pdftex.def on input line 225.

(/usr/local/texlive/2014/texmf-dist/tex/latex/pdftex-def/pdftex.def
File: pdftex.def 2011/05/27 v0.06d Graphics/color for pdfTeX
\Gread@gobject=\count325
)
Package xcolor Info: Model `cmy' substituted by `cmy0' on input line 1337.
Package xcolor Info: Model `hsb' substituted by `rgb' on input line 1341.
Package xcolor Info: Model `RGB' extended on input line 1353.
Package xcolor Info: Model `HTML' substituted by `rgb' on input line 1355.
Package xcolor Info: Model `Hsb' substituted by `hsb' on input line 1356.
Package xcolor Info: Model `tHsb' substituted by `hsb' on input line 1357.
Package xcolor Info: Model `HSB' substituted by `hsb' on input line 1358.
Package xcolor Info: Model `Gray' substituted by `gray' on input line 1359.
Package xcolor Info: Model `wave' substituted by `hsb' on input line 1360.
)
(/usr/local/texlive/2014/texmf-dist/tex/latex/hyperref/hyperref.sty
Package: hyperref 2012/11/06 v6.83m Hypertext links for LaTeX

(/usr/local/texlive/2014/texmf-dist/tex/generic/oberdiek/hobsub-hyperref.sty
Package: hobsub-hyperref 2012/05/28 v1.13 Bundle oberdiek, subset hyperref (HO)


(/usr/local/texlive/2014/texmf-dist/tex/generic/oberdiek/hobsub-generic.sty
Package: hobsub-generic 2012/05/28 v1.13 Bundle oberdiek, subset generic (HO)
Package: hobsub 2012/05/28 v1.13 Construct package bundles (HO)
Package hobsub Info: Skipping package `infwarerr' (already loaded).
Package hobsub Info: Skipping package `ltxcmds' (already loaded).
Package hobsub Info: Skipping package `ifluatex' (already loaded).
Package: ifvtex 2010/03/01 v1.5 Detect VTeX and its facilities (HO)
Package ifvtex Info: VTeX not detected.
Package: intcalc 2007/09/27 v1.1 Expandable calculations with integers (HO)
Package hobsub Info: Skipping package `ifpdf' (already loaded).
Package hobsub Info: Skipping package `etexcmds' (already loaded).
Package hobsub Info: Skipping package `kvsetkeys' (already loaded).
Package: kvdefinekeys 2011/04/07 v1.3 Define keys (HO)
Package: pdftexcmds 2011/11/29 v0.20 Utility functions of pdfTeX for LuaTeX (HO
)
Package pdftexcmds Info: LuaTeX not detected.
Package pdftexcmds Info: \pdf@primitive is available.
Package pdftexcmds Info: \pdf@ifprimitive is available.
Package pdftexcmds Info: \pdfdraftmode found.
Package: pdfescape 2011/11/25 v1.13 Implements pdfTeX's escape features (HO)
Package: bigintcalc 2012/04/08 v1.3 Expandable calculations on big integers (HO
)
Package: bitset 2011/01/30 v1.1 Handle bit-vector datatype (HO)
Package: uniquecounter 2011/01/30 v1.2 Provide unlimited unique counter (HO)
)
Package hobsub Info: Skipping package `hobsub' (already loaded).
Package: letltxmacro 2010/09/02 v1.4 Let assignment for LaTeX macros (HO)
Package: hopatch 2012/05/28 v1.2 Wrapper for package hooks (HO)
Package: xcolor-patch 2011/01/30 xcolor patch
Package: atveryend 2011/06/30 v1.8 Hooks at the very end of document (HO)
Package: atbegshi 2011/10/05 v1.16 At begin shipout hook (HO)
Package: refcount 2011/10/16 v3.4 Data extraction from label references (HO)
Package: hycolor 2011/01/30 v1.7 Color options for hyperref/bookmark (HO)
)
(/usr/local/texlive/2014/texmf-dist/tex/generic/ifxetex/ifxetex.sty
Package: ifxetex 2010/09/12 v0.6 Provides ifxetex conditional
)
(/usr/local/texlive/2014/texmf-dist/tex/latex/oberdiek/auxhook.sty
Package: auxhook 2011/03/04 v1.3 Hooks for auxiliary files (HO)
)
\@linkdim=\dimen162
\Hy@linkcounter=\count326
\Hy@pagecounter=\count327

(/usr/local/texlive/2014/texmf-dist/tex/latex/hyperref/pd1enc.def
File: pd1enc.def 2012/11/06 v6.83m Hyperref: PDFDocEncoding definition (HO)
)
\Hy@SavedSpaceFactor=\count328

(/usr/local/texlive/2014/texmf-dist/tex/latex/latexconfig/hyperref.cfg
File: hyperref.cfg 2002/06/06 v1.2 hyperref configuration of TeXLive
)
Package hyperref Info: Option `bookmarks' set `true' on input line 4319.
Package hyperref Info: Option `colorlinks' set `true' on input line 4319.
Package hyperref Info: Option `breaklinks' set `true' on input line 4319.
Package hyperref Info: Hyper figures OFF on input line 4443.
Package hyperref Info: Link nesting OFF on input line 4448.
Package hyperref Info: Hyper index ON on input line 4451.
Package hyperref Info: Plain pages OFF on input line 4458.
Package hyperref Info: Backreferencing OFF on input line 4463.
Package hyperref Info: Implicit mode ON; LaTeX internals redefined.
Package hyperref Info: Bookmarks ON on input line 4688.
\c@Hy@tempcnt=\count329
LaTeX Info: Redefining \url on input line 5041.
\XeTeXLinkMargin=\dimen163
\Fld@menulength=\count330
\Field@Width=\dimen164
\Fld@charsize=\dimen165
Package hyperref Info: Hyper figures OFF on input line 6295.
Package hyperref Info: Link nesting OFF on input line 6300.
Package hyperref Info: Hyper index ON on input line 6303.
Package hyperref Info: backreferencing OFF on input line 6310.
Package hyperref Info: Link coloring ON on input line 6313.
Package hyperref Info: Link coloring with OCG OFF on input line 6320.
Package hyperref Info: PDF/A mode OFF on input line 6325.
LaTeX Info: Redefining \ref on input line 6365.
LaTeX Info: Redefining \pageref on input line 6369.
\Hy@abspage=\count331
\c@Item=\count332
\c@Hfootnote=\count333
)

Package hyperref Message: Driver: hpdftex.

(/usr/local/texlive/2014/texmf-dist/tex/latex/hyperref/hpdftex.def
File: hpdftex.def 2012/11/06 v6.83m Hyperref driver for pdfTeX
\Fld@listcount=\count334
\c@bookmark@seq@number=\count335

(/usr/local/texlive/2014/texmf-dist/tex/latex/oberdiek/rerunfilecheck.sty
Package: rerunfilecheck 2011/04/15 v1.7 Rerun checks for auxiliary files (HO)
Package uniquecounter Info: New unique counter `rerunfilecheck' on input line 2
82.
)
\Hy@SectionHShift=\skip65
)
(/usr/local/texlive/2014/texmf-dist/tex/latex/memoir/memhfixc.sty
Package: memhfixc 2013/05/30 v1.17 nameref/hyperref package fixes for memoir cl
ass

No memoir class: memhfixc does nothing
) (/usr/local/texlive/2014/texmf-dist/tex/latex/pdfcprot/pdfcprot.sty
Package: pdfcprot 2002/02/27 v1.5 character protruding using pdflatex (cs)
\c@CPROT@family=\count336
\c@CPROT@family@temp=\count337
\c@CPROT@series=\count338
\c@CPROT@series@temp=\count339
\c@CPROT@shape=\count340
\c@CPROT@shape@temp=\count341
\c@CPROT@size=\count342
\c@CPROT@size@temp=\count343
\c@CPROT@temp@chars=\count344
Package pdfcprot Info: You've requested char protruding for TS1 encoding
(pdfcprot)             but TS1 encoding doesn't seem to be loaded.
(pdfcprot)             Maybe you forgot a '\usepackage{textcomp}'. on input lin
e 805.
Package pdfcprot Info: You've requested char protruding for TS1 encoding
(pdfcprot)             but TS1 encoding doesn't seem to be loaded.
(pdfcprot)             Maybe you forgot a '\usepackage{textcomp}'. on input lin
e 805.
Package pdfcprot Info: You've requested char protruding for TS1 encoding
(pdfcprot)             but TS1 encoding doesn't seem to be loaded.
(pdfcprot)             Maybe you forgot a '\usepackage{textcomp}'. on input lin
e 805.
)
(/usr/local/texlive/2014/texmf-dist/tex/latex/pdfsync/pdfsync.sty
Package: pdfsync 2008/01/26 v1.1
)
Package biblatex Info: Trying to load language 'british'...
Package biblatex Info: ... file 'british.lbx' found.

(/usr/local/texlive/2014/texmf-dist/tex/latex/biblatex/lbx/british.lbx
File: british.lbx 2013/11/25 v2.8a biblatex localization (PK/JW/AB)
Package biblatex Info: Trying to load language 'english'...
Package biblatex Info: ... file 'english.lbx' found.

(/usr/local/texlive/2014/texmf-dist/tex/latex/biblatex/lbx/english.lbx
File: english.lbx 2013/11/25 v2.8a biblatex localization (PK/JW/AB)
))
Package csquotes Info: Checking for multilingual support...
Package csquotes Info: ... found 'babel' package.
Package csquotes Info: Adjusting default style.
Package csquotes Info: Redefining alias 'default' -> 'british'.

(./matt-bellingham.aux)
\openout1 = `matt-bellingham.aux'.

LaTeX Font Info:    Checking defaults for OML/cmm/m/it on input line 411.
LaTeX Font Info:    ... okay on input line 411.
LaTeX Font Info:    Checking defaults for T1/cmr/m/n on input line 411.
LaTeX Font Info:    ... okay on input line 411.
LaTeX Font Info:    Checking defaults for OT1/cmr/m/n on input line 411.
LaTeX Font Info:    ... okay on input line 411.
LaTeX Font Info:    Checking defaults for OMS/cmsy/m/n on input line 411.
LaTeX Font Info:    ... okay on input line 411.
LaTeX Font Info:    Checking defaults for OMX/cmex/m/n on input line 411.
LaTeX Font Info:    ... okay on input line 411.
LaTeX Font Info:    Checking defaults for U/cmr/m/n on input line 411.
LaTeX Font Info:    ... okay on input line 411.
LaTeX Font Info:    Checking defaults for PD1/pdf/m/n on input line 411.
LaTeX Font Info:    ... okay on input line 411.

(/usr/local/texlive/2014/texmf-dist/tex/latex/graphics/graphics.sty
Package: graphics 2009/02/05 v1.0o Standard LaTeX Graphics (DPC,SPQR)

(/usr/local/texlive/2014/texmf-dist/tex/latex/graphics/trig.sty
Package: trig 1999/03/16 v1.09 sin cos tan (DPC)
)
(/usr/local/texlive/2014/texmf-dist/tex/latex/latexconfig/graphics.cfg
File: graphics.cfg 2010/04/23 v1.9 graphics configuration of TeX Live
)
Package graphics Info: Driver file: pdftex.def on input line 91.
)
(/usr/local/texlive/2014/texmf-dist/tex/latex/oberdiek/epstopdf-base.sty
Package: epstopdf-base 2010/02/09 v2.5 Base part for package epstopdf

(/usr/local/texlive/2014/texmf-dist/tex/latex/oberdiek/grfext.sty
Package: grfext 2010/08/19 v1.1 Manage graphics extensions (HO)
)
Package grfext Info: Graphics extension search list:
(grfext)             [.png,.pdf,.jpg,.mps,.jpeg,.jbig2,.jb2,.PNG,.PDF,.JPG,.JPE
G,.JBIG2,.JB2,.eps]
(grfext)             \AppendGraphicsExtensions on input line 452.

(/usr/local/texlive/2014/texmf-dist/tex/latex/latexconfig/epstopdf-sys.cfg
File: epstopdf-sys.cfg 2010/07/13 v1.3 Configuration of (r)epstopdf for TeX Liv
e
))
Package biblatex Info: No input encoding detected.
(biblatex)             Assuming 'ascii'.
Package biblatex Info: Automatic encoding selection.
(biblatex)             Assuming data encoding 'ascii'.
\openout3 = `matt-bellingham.bcf'.

Package biblatex Info: Trying to load bibliographic data...
Package biblatex Info: ... file 'matt-bellingham.bbl' found.

(./matt-bellingham.bbl)
Package biblatex Info: Reference section=0 on input line 411.
Package biblatex Info: Reference segment=0 on input line 411.

(/usr/local/texlive/2014/texmf-dist/tex/context/base/supp-pdf.mkii
[Loading MPS to PDF converter (version 2006.09.02).]
\scratchcounter=\count345
\scratchdimen=\dimen166
\scratchbox=\box50
\nofMPsegments=\count346
\nofMParguments=\count347
\everyMPshowfont=\toks24
\MPscratchCnt=\count348
\MPscratchDim=\dimen167
\MPnumerator=\count349
\makeMPintoPDFobject=\count350
\everyMPtoPDFconversion=\toks25
)
\AtBeginShipoutBox=\box51
Package hyperref Info: Link coloring ON on input line 411.
 (/usr/local/texlive/2014/texmf-dist/tex/latex/hyperref/nameref.sty
Package: nameref 2012/10/27 v2.43 Cross-referencing by name of section

(/usr/local/texlive/2014/texmf-dist/tex/generic/oberdiek/gettitlestring.sty
Package: gettitlestring 2010/12/03 v1.4 Cleanup title references (HO)
)
\c@section@level=\count351
)
LaTeX Info: Redefining \ref on input line 411.
LaTeX Info: Redefining \pageref on input line 411.
LaTeX Info: Redefining \nameref on input line 411.

(./matt-bellingham.out) (./matt-bellingham.out)
\@outlinefile=\write4
\openout4 = `matt-bellingham.out'.

Package pdfcprot Info: I didn't find ptmbxnOT1.cpa.
(pdfcprot)              As a fallback I will try pplmnOT1.cpa. on input line 41
1.

(/usr/local/texlive/2014/texmf-dist/tex/latex/pdfcprot/pplmnOT1.cpa)
Package pdfcprot Info: File pplmnOT1.cpa{} used for the adjustment
(pdfcprot)             of the char protruding. It seems that it isn't the one
(pdfcprot)             you intended to use. on input line 411.
Package pdfcprot Info: I didn't find ptmbxnOT1.cpa.
(pdfcprot)              As a fallback I will try pplmnOT1.cpa. on input line 41
1.
Package pdfcprot Info: File pplmnOT1.cpa{} used for the adjustment
(pdfcprot)             of the char protruding. It seems that it isn't the one
(pdfcprot)             you intended to use. on input line 411.
Package pdfcprot Info: I didn't find ptmbxnOT1.cpa.
(pdfcprot)              As a fallback I will try pplmnOT1.cpa. on input line 41
1.
Package pdfcprot Info: File pplmnOT1.cpa{} used for the adjustment
(pdfcprot)             of the char protruding. It seems that it isn't the one
(pdfcprot)             you intended to use. on input line 411.
Package pdfcprot Info: I didn't find ptmbxnOT1.cpa.
(pdfcprot)              As a fallback I will try pplmnOT1.cpa. on input line 41
1.
Package pdfcprot Info: File pplmnOT1.cpa{} used for the adjustment
(pdfcprot)             of the char protruding. It seems that it isn't the one
(pdfcprot)             you intended to use. on input line 411.
LaTeX Font Info:    Try loading font information for OT1+phv on input line 411.


(/usr/local/texlive/2014/texmf-dist/tex/latex/psnfss/ot1phv.fd
File: ot1phv.fd 2001/06/04 scalable font definitions for OT1/phv.
)
LaTeX Font Info:    Font shape `OT1/phv/bx/n' in size <10> not available
(Font)              Font shape `OT1/phv/b/n' tried instead on input line 411.
LaTeX Font Info:    Font shape `OT1/phv/bx/n' in size <12> not available
(Font)              Font shape `OT1/phv/b/n' tried instead on input line 411.
Package pdfcprot Info: I didn't find phvbxnOT1.cpa.
(pdfcprot)              As a fallback I will try pplmnOT1.cpa. on input line 41
1.
Package pdfcprot Info: File pplmnOT1.cpa{} used for the adjustment
(pdfcprot)             of the char protruding. It seems that it isn't the one
(pdfcprot)             you intended to use. on input line 411.
Package pdfcprot Info: I didn't find phvbxnOT1.cpa.
(pdfcprot)              As a fallback I will try pplmnOT1.cpa. on input line 41
1.
Package pdfcprot Info: File pplmnOT1.cpa{} used for the adjustment
(pdfcprot)             of the char protruding. It seems that it isn't the one
(pdfcprot)             you intended to use. on input line 411.
LaTeX Font Info:    Font shape `OT1/phv/bx/n' in size <9> not available
(Font)              Font shape `OT1/phv/b/n' tried instead on input line 411.
Package pdfcprot Info: I didn't find phvbxnOT1.cpa.
(pdfcprot)              As a fallback I will try pplmnOT1.cpa. on input line 41
1.
Package pdfcprot Info: File pplmnOT1.cpa{} used for the adjustment
(pdfcprot)             of the char protruding. It seems that it isn't the one
(pdfcprot)             you intended to use. on input line 411.
LaTeX Font Info:    Font shape `OT1/phv/bx/n' in size <8> not available
(Font)              Font shape `OT1/phv/b/n' tried instead on input line 411.
Package pdfcprot Info: I didn't find phvbxnOT1.cpa.
(pdfcprot)              As a fallback I will try pplmnOT1.cpa. on input line 41
1.
Package pdfcprot Info: File pplmnOT1.cpa{} used for the adjustment
(pdfcprot)             of the char protruding. It seems that it isn't the one
(pdfcprot)             you intended to use. on input line 411.
Package pdfcprot Info: I didn't find ptmmnOT1.cpa.
(pdfcprot)              As a fallback I will try pplmnOT1.cpa. on input line 41
1.
Package pdfcprot Info: File pplmnOT1.cpa{} used for the adjustment
(pdfcprot)             of the char protruding. It seems that it isn't the one
(pdfcprot)             you intended to use. on input line 411.
Package pdfcprot Info: I didn't find ptmmnOT1.cpa.
(pdfcprot)              As a fallback I will try pplmnOT1.cpa. on input line 41
1.
Package pdfcprot Info: File pplmnOT1.cpa{} used for the adjustment
(pdfcprot)             of the char protruding. It seems that it isn't the one
(pdfcprot)             you intended to use. on input line 411.
Package pdfcprot Info: I didn't find ptmmnOT1.cpa.
(pdfcprot)              As a fallback I will try pplmnOT1.cpa. on input line 41
1.
Package pdfcprot Info: File pplmnOT1.cpa{} used for the adjustment
(pdfcprot)             of the char protruding. It seems that it isn't the one
(pdfcprot)             you intended to use. on input line 411.
Package pdfcprot Info: I didn't find ptmmnOT1.cpa.
(pdfcprot)              As a fallback I will try pplmnOT1.cpa. on input line 41
1.
Package pdfcprot Info: File pplmnOT1.cpa{} used for the adjustment
(pdfcprot)             of the char protruding. It seems that it isn't the one
(pdfcprot)             you intended to use. on input line 411.
Package pdfcprot Info: I didn't find ptmmitOT1.cpa.
(pdfcprot)              As a fallback I will try pplmnOT1.cpa. on input line 41
1.
Package pdfcprot Info: File pplmnOT1.cpa{} used for the adjustment
(pdfcprot)             of the char protruding. It seems that it isn't the one
(pdfcprot)             you intended to use. on input line 411.
Package pdfcprot Info: I didn't find ptmmitOT1.cpa.
(pdfcprot)              As a fallback I will try pplmnOT1.cpa. on input line 41
1.
Package pdfcprot Info: File pplmnOT1.cpa{} used for the adjustment
(pdfcprot)             of the char protruding. It seems that it isn't the one
(pdfcprot)             you intended to use. on input line 411.
Package pdfcprot Info: I didn't find ptmmitOT1.cpa.
(pdfcprot)              As a fallback I will try pplmnOT1.cpa. on input line 41
1.
Package pdfcprot Info: File pplmnOT1.cpa{} used for the adjustment
(pdfcprot)             of the char protruding. It seems that it isn't the one
(pdfcprot)             you intended to use. on input line 411.
Package pdfcprot Info: I didn't find ptmmitOT1.cpa.
(pdfcprot)              As a fallback I will try pplmnOT1.cpa. on input line 41
1.
Package pdfcprot Info: File pplmnOT1.cpa{} used for the adjustment
(pdfcprot)             of the char protruding. It seems that it isn't the one
(pdfcprot)             you intended to use. on input line 411.
Package pdfcprot Info: I didn't find phvmnOT1.cpa.
(pdfcprot)              As a fallback I will try pplmnOT1.cpa. on input line 41
1.
Package pdfcprot Info: File pplmnOT1.cpa{} used for the adjustment
(pdfcprot)             of the char protruding. It seems that it isn't the one
(pdfcprot)             you intended to use. on input line 411.
Package pdfcprot Info: I didn't find phvmnOT1.cpa.
(pdfcprot)              As a fallback I will try pplmnOT1.cpa. on input line 41
1.
Package pdfcprot Info: File pplmnOT1.cpa{} used for the adjustment
(pdfcprot)             of the char protruding. It seems that it isn't the one
(pdfcprot)             you intended to use. on input line 411.
Package pdfcprot Info: I didn't find phvmnOT1.cpa.
(pdfcprot)              As a fallback I will try pplmnOT1.cpa. on input line 41
1.
Package pdfcprot Info: File pplmnOT1.cpa{} used for the adjustment
(pdfcprot)             of the char protruding. It seems that it isn't the one
(pdfcprot)             you intended to use. on input line 411.
Package pdfcprot Info: I didn't find phvmnOT1.cpa.
(pdfcprot)              As a fallback I will try pplmnOT1.cpa. on input line 41
1.
Package pdfcprot Info: File pplmnOT1.cpa{} used for the adjustment
(pdfcprot)             of the char protruding. It seems that it isn't the one
(pdfcprot)             you intended to use. on input line 411.
LaTeX Font Info:    Font shape `OT1/phv/m/it' in size <8> not available
(Font)              Font shape `OT1/phv/m/sl' tried instead on input line 411.
LaTeX Font Info:    Font shape `OT1/phv/m/it' in size <12> not available
(Font)              Font shape `OT1/phv/m/sl' tried instead on input line 411.
Package pdfcprot Info: I didn't find phvmitOT1.cpa.
(pdfcprot)              As a fallback I will try pplmnOT1.cpa. on input line 41
1.
Package pdfcprot Info: File pplmnOT1.cpa{} used for the adjustment
(pdfcprot)             of the char protruding. It seems that it isn't the one
(pdfcprot)             you intended to use. on input line 411.
LaTeX Font Info:    Font shape `OT1/phv/m/it' in size <10> not available
(Font)              Font shape `OT1/phv/m/sl' tried instead on input line 411.
Package pdfcprot Info: I didn't find phvmitOT1.cpa.
(pdfcprot)              As a fallback I will try pplmnOT1.cpa. on input line 41
1.
Package pdfcprot Info: File pplmnOT1.cpa{} used for the adjustment
(pdfcprot)             of the char protruding. It seems that it isn't the one
(pdfcprot)             you intended to use. on input line 411.
LaTeX Font Info:    Font shape `OT1/phv/m/it' in size <9> not available
(Font)              Font shape `OT1/phv/m/sl' tried instead on input line 411.
Package pdfcprot Info: I didn't find phvmitOT1.cpa.
(pdfcprot)              As a fallback I will try pplmnOT1.cpa. on input line 41
1.
Package pdfcprot Info: File pplmnOT1.cpa{} used for the adjustment
(pdfcprot)             of the char protruding. It seems that it isn't the one
(pdfcprot)             you intended to use. on input line 411.
Package pdfcprot Info: I didn't find phvmitOT1.cpa.
(pdfcprot)              As a fallback I will try pplmnOT1.cpa. on input line 41
1.
Package pdfcprot Info: File pplmnOT1.cpa{} used for the adjustment
(pdfcprot)             of the char protruding. It seems that it isn't the one
(pdfcprot)             you intended to use. on input line 411.
Package pdfcprot Info: I didn't find phvmslOT1.cpa.
(pdfcprot)              As a fallback I will try pplmnOT1.cpa. on input line 41
1.
Package pdfcprot Info: File pplmnOT1.cpa{} used for the adjustment
(pdfcprot)             of the char protruding. It seems that it isn't the one
(pdfcprot)             you intended to use. on input line 411.
Package pdfcprot Info: I didn't find phvmslOT1.cpa.
(pdfcprot)              As a fallback I will try pplmnOT1.cpa. on input line 41
1.
Package pdfcprot Info: File pplmnOT1.cpa{} used for the adjustment
(pdfcprot)             of the char protruding. It seems that it isn't the one
(pdfcprot)             you intended to use. on input line 411.
Package pdfcprot Info: I didn't find phvmslOT1.cpa.
(pdfcprot)              As a fallback I will try pplmnOT1.cpa. on input line 41
1.
Package pdfcprot Info: File pplmnOT1.cpa{} used for the adjustment
(pdfcprot)             of the char protruding. It seems that it isn't the one
(pdfcprot)             you intended to use. on input line 411.
Package pdfcprot Info: I didn't find phvmslOT1.cpa.
(pdfcprot)              As a fallback I will try pplmnOT1.cpa. on input line 41
1.
Package pdfcprot Info: File pplmnOT1.cpa{} used for the adjustment
(pdfcprot)             of the char protruding. It seems that it isn't the one
(pdfcprot)             you intended to use. on input line 411.
Configuring pdfsync
\PDFSYNC@ut=\write5
\openout5 = `matt-bellingham.pdfsync'.

\PDFSYNCf@li@=\count352
\PDFSYNC@rder=\count353
**** pdfsync.sty: Synchronizing at \everypar
\PDFSYNCeveryp@r=\toks26
**** pdfsync.sty: Synchronizing at \everymath
\PDFSYNCeverym@th=\toks27
**** pdfsync.sty: Synchronizing at \everyhbox
\PDFSYNCeveryhb@x=\toks28
**** pdfsync.sty: Synchronizing at \everyvbox
\PDFSYNCeveryvb@x=\toks29
**** pdfsync.sty: started
 [1{/usr/local/texlive/2014/texmf-var/fonts/map/pdftex/updmap/pdftex.map}


]
Underfull \hbox (badness 3635) in paragraph at lines 473--474
[][][]\OT1/ptm/m/n/10 Some re-viewed soft-
 []


Underfull \hbox (badness 10000) in paragraph at lines 486--487
[][][]
 []


Underfull \hbox (badness 2503) in paragraph at lines 486--487
\OT1/ptm/m/n/10 Software pro-to-types will be de-veloped to test the
 []


Underfull \hbox (badness 1968) in paragraph at lines 486--487
\OT1/ptm/m/n/10 find-ings from the pa-per pro-to-typ-ing stage. Ini-tially,
 []


Underfull \hbox (badness 2762) in paragraph at lines 602--602
[][][][]\OT1/ptm/m/n/10 Csikszentmihalyi, Mi-haly (2014) `  Flow', \OT1/ptm/m/i
t/10 Flow and the
 []


** Conference Paper **
Before submitting the final camera ready copy, remember to:

 1. Manually equalize the lengths of two columns on the last page
 of your paper;

 2. Ensure that any PostScript and/or PDF output post-processing
 uses only Type 1 fonts and that every step in the generation
 process uses the appropriate paper size.

Package atveryend Info: Empty hook `BeforeClearDocument' on input line 628.
- LAST -
Extra skip:0.93011pt
Left:687.68008pt/0.0pt
Right:686.74997pt/2.16492pt
Output:687.68008pt
[2]
Package atveryend Info: Empty hook `AfterLastShipout' on input line 628.
 (./matt-bellingham.aux)
Package atveryend Info: Executing hook `AtVeryEndDocument' on input line 628.
Package atveryend Info: Executing hook `AtEndAfterFileList' on input line 628.
Package rerunfilecheck Info: File `matt-bellingham.out' has not changed.
(rerunfilecheck)             Checksum: 1EBA03F0B7B9C992BC3D7CF4320B6B24;371.
Package logreq Info: Writing requests to 'matt-bellingham.run.xml'.
\openout1 = `matt-bellingham.run.xml'.

 ) 
Here is how much of TeX's memory you used:
 18769 strings out of 493117
 326729 string characters out of 6135433
 766682 words of memory out of 5000000
 22023 multiletter control sequences out of 15000+600000
 39155 words of font info for 73 fonts, out of 8000000 for 9000
 1144 hyphenation exceptions out of 8191
 44i,15n,59p,10436b,1439s stack positions out of 5000i,500n,10000p,200000b,80000s
{/usr/local/texlive/2014/texmf-dist/fonts/enc/dvips/base/8r.enc}</usr/local/t
exlive/2014/texmf-dist/fonts/type1/urw/times/utmb8a.pfb></usr/local/texlive/201
4/texmf-dist/fonts/type1/urw/times/utmr8a.pfb></usr/local/texlive/2014/texmf-di
st/fonts/type1/urw/times/utmri8a.pfb>
Output written on matt-bellingham.pdf (2 pages, 57075 bytes).
PDF statistics:
 73 PDF objects out of 1000 (max. 8388607)
 65 compressed objects within 1 object stream
 17 named destinations out of 1000 (max. 500000)
 12345 words of extra memory for PDF output out of 14400 (max. 10000000)

